2025-12-07 17:08:17 INFO  (LoggingInitialization) Using log config file: jar:file:/opt/homebrew/Caskroom/ghidra/11.4.2-20250826/ghidra_11.4.2_PUBLIC/Ghidra/Framework/Generic/lib/Generic.jar!/generic.log4j.xml  
2025-12-07 17:08:17 INFO  (LoggingInitialization) Using log file: /Users/tranlynhathao/.config/ghidra/ghidra_11.4.2_PUBLIC/application.log  
2025-12-07 17:08:17 INFO  (Preferences) Loading user preferences: /Users/tranlynhathao/.config/ghidra/ghidra_11.4.2_PUBLIC/preferences  
2025-12-07 17:08:17 INFO  (Preferences) Loading previous preferences: /Users/tranlynhathao/.config/ghidra/ghidra_11.4_PUBLIC/preferences  
2025-12-07 17:08:17 INFO  (ClassSearcher) Searching for classes...  
2025-12-07 17:08:18 INFO  (ClassSearcher) Class search complete (799 ms)  
2025-12-07 17:08:18 INFO  (SSLContextInitializer) Initializing SSL Context  
2025-12-07 17:08:18 INFO  (SecureRandomFactory) Initializing Random Number Generator...  
2025-12-07 17:08:18 INFO  (SecureRandomFactory) Random Number Generator initialization complete: NativePRNGNonBlocking  
2025-12-07 17:08:18 INFO  (ApplicationTrustManagerFactory) Trust manager disabled, cacerts have not been set  
2025-12-07 17:08:18 INFO  (FileCacheMaintenanceDaemon) Starting cache cleanup: /var/tmp/tranlynhathao-ghidra/fscache2  
2025-12-07 17:08:18 INFO  (FileCacheMaintenanceDaemon) Finished cache cleanup, estimated storage used: 0  
2025-12-07 17:08:19 INFO  (AnalyzeHeadless) Headless startup complete (2011 ms)  
2025-12-07 17:08:19 INFO  (ClassSearcher) Class searcher loaded 58 extension points (18 false positives)  
2025-12-07 17:08:19 INFO  (HeadlessAnalyzer) HEADLESS Script Paths:
    /opt/homebrew/Caskroom/ghidra/11.4.2-20250826/ghidra_11.4.2_PUBLIC/Ghidra/Features/BSim/ghidra_scripts
    /opt/homebrew/Caskroom/ghidra/11.4.2-20250826/ghidra_11.4.2_PUBLIC/Ghidra/Features/BytePatterns/ghidra_scripts
    /opt/homebrew/Caskroom/ghidra/11.4.2-20250826/ghidra_11.4.2_PUBLIC/Ghidra/Features/GnuDemangler/ghidra_scripts
    /opt/homebrew/Caskroom/ghidra/11.4.2-20250826/ghidra_11.4.2_PUBLIC/Ghidra/Features/FunctionID/ghidra_scripts
    /opt/homebrew/Caskroom/ghidra/11.4.2-20250826/ghidra_11.4.2_PUBLIC/Ghidra/Debug/Debugger/ghidra_scripts
    /opt/homebrew/Caskroom/ghidra/11.4.2-20250826/ghidra_11.4.2_PUBLIC/Ghidra/Features/FileFormats/ghidra_scripts
    /opt/homebrew/Caskroom/ghidra/11.4.2-20250826/ghidra_11.4.2_PUBLIC/Ghidra/Features/PDB/ghidra_scripts
    /opt/homebrew/Caskroom/ghidra/11.4.2-20250826/ghidra_11.4.2_PUBLIC/Ghidra/Processors/JVM/ghidra_scripts
    /opt/homebrew/Caskroom/ghidra/11.4.2-20250826/ghidra_11.4.2_PUBLIC/Ghidra/Features/Base/ghidra_scripts
    /opt/homebrew/Caskroom/ghidra/11.4.2-20250826/ghidra_11.4.2_PUBLIC/Ghidra/Features/WildcardAssembler/ghidra_scripts
    /tmp
    /opt/homebrew/Caskroom/ghidra/11.4.2-20250826/ghidra_11.4.2_PUBLIC/Ghidra/Features/SwiftDemangler/ghidra_scripts
    /opt/homebrew/Caskroom/ghidra/11.4.2-20250826/ghidra_11.4.2_PUBLIC/Ghidra/Features/Decompiler/ghidra_scripts
    /opt/homebrew/Caskroom/ghidra/11.4.2-20250826/ghidra_11.4.2_PUBLIC/Ghidra/Features/PyGhidra/ghidra_scripts
    /opt/homebrew/Caskroom/ghidra/11.4.2-20250826/ghidra_11.4.2_PUBLIC/Ghidra/Debug/Debugger-rmi-trace/ghidra_scripts
    /opt/homebrew/Caskroom/ghidra/11.4.2-20250826/ghidra_11.4.2_PUBLIC/Ghidra/Processors/8051/ghidra_scripts
    /opt/homebrew/Caskroom/ghidra/11.4.2-20250826/ghidra_11.4.2_PUBLIC/Ghidra/Features/VersionTracking/ghidra_scripts
    /opt/homebrew/Caskroom/ghidra/11.4.2-20250826/ghidra_11.4.2_PUBLIC/Ghidra/Processors/PIC/ghidra_scripts
    /opt/homebrew/Caskroom/ghidra/11.4.2-20250826/ghidra_11.4.2_PUBLIC/Ghidra/Processors/Atmel/ghidra_scripts
    /opt/homebrew/Caskroom/ghidra/11.4.2-20250826/ghidra_11.4.2_PUBLIC/Ghidra/Features/MicrosoftCodeAnalyzer/ghidra_scripts
    /opt/homebrew/Caskroom/ghidra/11.4.2-20250826/ghidra_11.4.2_PUBLIC/Ghidra/Features/SystemEmulation/ghidra_scripts
    /opt/homebrew/Caskroom/ghidra/11.4.2-20250826/ghidra_11.4.2_PUBLIC/Ghidra/Processors/DATA/ghidra_scripts
    /opt/homebrew/Caskroom/ghidra/11.4.2-20250826/ghidra_11.4.2_PUBLIC/Ghidra/Features/DecompilerDependent/ghidra_scripts
    /opt/homebrew/Caskroom/ghidra/11.4.2-20250826/ghidra_11.4.2_PUBLIC/Ghidra/Features/Jython/ghidra_scripts  
2025-12-07 17:08:19 ERROR (HeadlessAnalyzer) REPORT SCRIPT ERROR: /tmp/decompile_function.py : Script not found: /tmp/decompile_function.py  
2025-12-07 17:08:19 ERROR (HeadlessAnalyzer) Abort due to Headless analyzer error: Invalid script: /tmp/decompile_function.py java.lang.IllegalArgumentException: Invalid script: /tmp/decompile_function.py
	at ghidra.app.util.headless.HeadlessAnalyzer.checkScript(HeadlessAnalyzer.java:805)
	at ghidra.app.util.headless.HeadlessAnalyzer.checkScriptsList(HeadlessAnalyzer.java:818)
	at ghidra.app.util.headless.HeadlessAnalyzer.compileScripts(HeadlessAnalyzer.java:852)
	at ghidra.app.util.headless.HeadlessAnalyzer.processLocal(HeadlessAnalyzer.java:420)
	at ghidra.app.util.headless.AnalyzeHeadless.launch(AnalyzeHeadless.java:198)
	at ghidra.GhidraLauncher.launch(GhidraLauncher.java:81)
	at ghidra.Ghidra.main(Ghidra.java:54)
 
2025-12-07 17:08:32 INFO  (LoggingInitialization) Using log config file: jar:file:/opt/homebrew/Caskroom/ghidra/11.4.2-20250826/ghidra_11.4.2_PUBLIC/Ghidra/Framework/Generic/lib/Generic.jar!/generic.log4j.xml  
2025-12-07 17:08:32 INFO  (LoggingInitialization) Using log file: /Users/tranlynhathao/.config/ghidra/ghidra_11.4.2_PUBLIC/application.log  
2025-12-07 17:08:32 INFO  (Preferences) Loading user preferences: /Users/tranlynhathao/.config/ghidra/ghidra_11.4.2_PUBLIC/preferences  
2025-12-07 17:08:32 INFO  (Preferences) Loading previous preferences: /Users/tranlynhathao/.config/ghidra/ghidra_11.4_PUBLIC/preferences  
2025-12-07 17:08:32 INFO  (ClassSearcher) Searching for classes...  
2025-12-07 17:08:33 INFO  (ClassSearcher) Class search complete (789 ms)  
2025-12-07 17:08:33 INFO  (SSLContextInitializer) Initializing SSL Context  
2025-12-07 17:08:33 INFO  (SecureRandomFactory) Initializing Random Number Generator...  
2025-12-07 17:08:33 INFO  (SecureRandomFactory) Random Number Generator initialization complete: NativePRNGNonBlocking  
2025-12-07 17:08:33 INFO  (ApplicationTrustManagerFactory) Trust manager disabled, cacerts have not been set  
2025-12-07 17:08:43 INFO  (LoggingInitialization) Using log config file: jar:file:/opt/homebrew/Caskroom/ghidra/11.4.2-20250826/ghidra_11.4.2_PUBLIC/Ghidra/Framework/Generic/lib/Generic.jar!/generic.log4j.xml  
2025-12-07 17:08:43 INFO  (LoggingInitialization) Using log file: /Users/tranlynhathao/.config/ghidra/ghidra_11.4.2_PUBLIC/application.log  
2025-12-07 17:08:43 INFO  (Preferences) Loading user preferences: /Users/tranlynhathao/.config/ghidra/ghidra_11.4.2_PUBLIC/preferences  
2025-12-07 17:08:43 INFO  (Preferences) Loading previous preferences: /Users/tranlynhathao/.config/ghidra/ghidra_11.4_PUBLIC/preferences  
2025-12-07 17:08:43 INFO  (ClassSearcher) Searching for classes...  
2025-12-07 17:08:44 INFO  (ClassSearcher) Class search complete (780 ms)  
2025-12-07 17:08:44 INFO  (SSLContextInitializer) Initializing SSL Context  
2025-12-07 17:08:44 INFO  (SecureRandomFactory) Initializing Random Number Generator...  
2025-12-07 17:08:44 INFO  (SecureRandomFactory) Random Number Generator initialization complete: NativePRNGNonBlocking  
2025-12-07 17:08:44 INFO  (ApplicationTrustManagerFactory) Trust manager disabled, cacerts have not been set  
2025-12-07 17:08:54 INFO  (LoggingInitialization) Using log config file: jar:file:/opt/homebrew/Caskroom/ghidra/11.4.2-20250826/ghidra_11.4.2_PUBLIC/Ghidra/Framework/Generic/lib/Generic.jar!/generic.log4j.xml  
2025-12-07 17:08:54 INFO  (LoggingInitialization) Using log file: /Users/tranlynhathao/.config/ghidra/ghidra_11.4.2_PUBLIC/application.log  
2025-12-07 17:08:54 INFO  (Preferences) Loading user preferences: /Users/tranlynhathao/.config/ghidra/ghidra_11.4.2_PUBLIC/preferences  
2025-12-07 17:08:54 INFO  (Preferences) Loading previous preferences: /Users/tranlynhathao/.config/ghidra/ghidra_11.4_PUBLIC/preferences  
2025-12-07 17:08:54 INFO  (ClassSearcher) Searching for classes...  
2025-12-07 17:08:54 INFO  (ClassSearcher) Class search complete (785 ms)  
2025-12-07 17:08:54 INFO  (SSLContextInitializer) Initializing SSL Context  
2025-12-07 17:08:54 INFO  (SecureRandomFactory) Initializing Random Number Generator...  
2025-12-07 17:08:54 INFO  (SecureRandomFactory) Random Number Generator initialization complete: NativePRNGNonBlocking  
2025-12-07 17:08:54 INFO  (ApplicationTrustManagerFactory) Trust manager disabled, cacerts have not been set  
2025-12-07 17:09:11 INFO  (LoggingInitialization) Using log config file: jar:file:/opt/homebrew/Caskroom/ghidra/11.4.2-20250826/ghidra_11.4.2_PUBLIC/Ghidra/Framework/Generic/lib/Generic.jar!/generic.log4j.xml  
2025-12-07 17:09:11 INFO  (LoggingInitialization) Using log file: /Users/tranlynhathao/.config/ghidra/ghidra_11.4.2_PUBLIC/application.log  
2025-12-07 17:09:11 INFO  (Preferences) Loading user preferences: /Users/tranlynhathao/.config/ghidra/ghidra_11.4.2_PUBLIC/preferences  
2025-12-07 17:09:11 INFO  (Preferences) Loading previous preferences: /Users/tranlynhathao/.config/ghidra/ghidra_11.4_PUBLIC/preferences  
2025-12-07 17:09:11 INFO  (ClassSearcher) Searching for classes...  
2025-12-07 17:09:12 INFO  (ClassSearcher) Class search complete (800 ms)  
2025-12-07 17:09:12 INFO  (SSLContextInitializer) Initializing SSL Context  
2025-12-07 17:09:12 INFO  (SecureRandomFactory) Initializing Random Number Generator...  
2025-12-07 17:09:12 INFO  (SecureRandomFactory) Random Number Generator initialization complete: NativePRNGNonBlocking  
2025-12-07 17:09:12 INFO  (ApplicationTrustManagerFactory) Trust manager disabled, cacerts have not been set  
2025-12-07 17:09:12 INFO  (AnalyzeHeadless) Headless startup complete (1660 ms)  
2025-12-07 17:09:12 INFO  (ClassSearcher) Class searcher loaded 58 extension points (18 false positives)  
2025-12-07 17:09:12 INFO  (HeadlessAnalyzer) HEADLESS Script Paths:
    /opt/homebrew/Caskroom/ghidra/11.4.2-20250826/ghidra_11.4.2_PUBLIC/Ghidra/Features/Decompiler/ghidra_scripts
    /opt/homebrew/Caskroom/ghidra/11.4.2-20250826/ghidra_11.4.2_PUBLIC/Ghidra/Features/BSim/ghidra_scripts
    /opt/homebrew/Caskroom/ghidra/11.4.2-20250826/ghidra_11.4.2_PUBLIC/Ghidra/Features/PyGhidra/ghidra_scripts
    /opt/homebrew/Caskroom/ghidra/11.4.2-20250826/ghidra_11.4.2_PUBLIC/Ghidra/Debug/Debugger-rmi-trace/ghidra_scripts
    /opt/homebrew/Caskroom/ghidra/11.4.2-20250826/ghidra_11.4.2_PUBLIC/Ghidra/Processors/8051/ghidra_scripts
    /opt/homebrew/Caskroom/ghidra/11.4.2-20250826/ghidra_11.4.2_PUBLIC/Ghidra/Features/BytePatterns/ghidra_scripts
    /opt/homebrew/Caskroom/ghidra/11.4.2-20250826/ghidra_11.4.2_PUBLIC/Ghidra/Features/GnuDemangler/ghidra_scripts
    /opt/homebrew/Caskroom/ghidra/11.4.2-20250826/ghidra_11.4.2_PUBLIC/Ghidra/Features/FunctionID/ghidra_scripts
    /opt/homebrew/Caskroom/ghidra/11.4.2-20250826/ghidra_11.4.2_PUBLIC/Ghidra/Debug/Debugger/ghidra_scripts
    /opt/homebrew/Caskroom/ghidra/11.4.2-20250826/ghidra_11.4.2_PUBLIC/Ghidra/Features/FileFormats/ghidra_scripts
    /opt/homebrew/Caskroom/ghidra/11.4.2-20250826/ghidra_11.4.2_PUBLIC/Ghidra/Features/PDB/ghidra_scripts
    /opt/homebrew/Caskroom/ghidra/11.4.2-20250826/ghidra_11.4.2_PUBLIC/Ghidra/Features/VersionTracking/ghidra_scripts
    /opt/homebrew/Caskroom/ghidra/11.4.2-20250826/ghidra_11.4.2_PUBLIC/Ghidra/Processors/PIC/ghidra_scripts
    /opt/homebrew/Caskroom/ghidra/11.4.2-20250826/ghidra_11.4.2_PUBLIC/Ghidra/Processors/JVM/ghidra_scripts
    /opt/homebrew/Caskroom/ghidra/11.4.2-20250826/ghidra_11.4.2_PUBLIC/Ghidra/Features/Base/ghidra_scripts
    /opt/homebrew/Caskroom/ghidra/11.4.2-20250826/ghidra_11.4.2_PUBLIC/Ghidra/Processors/Atmel/ghidra_scripts
    /opt/homebrew/Caskroom/ghidra/11.4.2-20250826/ghidra_11.4.2_PUBLIC/Ghidra/Features/MicrosoftCodeAnalyzer/ghidra_scripts
    /opt/homebrew/Caskroom/ghidra/11.4.2-20250826/ghidra_11.4.2_PUBLIC/Ghidra/Features/SystemEmulation/ghidra_scripts
    /opt/homebrew/Caskroom/ghidra/11.4.2-20250826/ghidra_11.4.2_PUBLIC/Ghidra/Processors/DATA/ghidra_scripts
    /opt/homebrew/Caskroom/ghidra/11.4.2-20250826/ghidra_11.4.2_PUBLIC/Ghidra/Features/DecompilerDependent/ghidra_scripts
    /opt/homebrew/Caskroom/ghidra/11.4.2-20250826/ghidra_11.4.2_PUBLIC/Ghidra/Features/WildcardAssembler/ghidra_scripts
    /opt/homebrew/Caskroom/ghidra/11.4.2-20250826/ghidra_11.4.2_PUBLIC/Ghidra/Features/Jython/ghidra_scripts
    /opt/homebrew/Caskroom/ghidra/11.4.2-20250826/ghidra_11.4.2_PUBLIC/Ghidra/Features/SwiftDemangler/ghidra_scripts  
2025-12-07 17:09:12 INFO  (HeadlessAnalyzer) HEADLESS: execution starts  
2025-12-07 17:09:12 INFO  (HeadlessAnalyzer) Creating project: /tmp/ghidra_project/DutchmanAnalysis  
2025-12-07 17:09:12 DEBUG (DefaultProjectManager) No tools found; Installing default tools  
2025-12-07 17:09:12 DEBUG (DefaultProjectManager) Found the following default tools:   
2025-12-07 17:09:12 DEBUG (DefaultProjectManager) -Debugger - defaultTools/Debugger.tool  
2025-12-07 17:09:12 DEBUG (DefaultProjectManager) -CodeBrowser - defaultTools/CodeBrowser.tool  
2025-12-07 17:09:12 DEBUG (DefaultProjectManager) -Version Tracking - defaultTools/VersionTracking.tool  
2025-12-07 17:09:12 DEBUG (DefaultProjectManager) -Emulator - defaultTools/Emulator.tool  
2025-12-07 17:09:12 DEBUG (DefaultProjectManager) Found existing tools; merging existing tools:   
2025-12-07 17:09:12 DEBUG (DefaultProjectManager) -Debugger - /Users/tranlynhathao/.config/ghidra/ghidra_11.4_PUBLIC/tools/_debugger.tcd  
2025-12-07 17:09:12 DEBUG (DefaultProjectManager) -CodeBrowser - /Users/tranlynhathao/.config/ghidra/ghidra_11.4_PUBLIC/tools/_code_browser.tcd  
2025-12-07 17:09:12 DEBUG (DefaultProjectManager) -Version Tracking - /Users/tranlynhathao/.config/ghidra/ghidra_11.4_PUBLIC/tools/_version _tracking.tcd  
2025-12-07 17:09:12 DEBUG (DefaultProjectManager) -Emulator - /Users/tranlynhathao/.config/ghidra/ghidra_11.4_PUBLIC/tools/_emulator.tcd  
2025-12-07 17:09:12 INFO  (DefaultProject) Creating project: /tmp/ghidra_project/DutchmanAnalysis  
2025-12-07 17:09:12 INFO  (HeadlessAnalyzer) REPORT: Processing input files:   
2025-12-07 17:09:12 INFO  (HeadlessAnalyzer)      project: /tmp/ghidra_project/DutchmanAnalysis  
2025-12-07 17:09:12 INFO  (HeadlessAnalyzer) IMPORTING: file:///Volumes/SS990PRO/CTF/wannagame/2025/rev/Dutchmain_app/extracted/lib/x86_64/libcheck_new_detection.so  
2025-12-07 17:09:13 INFO  (AutoImporter) Using Loader: Executable and Linking Format (ELF)  
2025-12-07 17:09:13 INFO  (AutoImporter) Using Language/Compiler: x86:LE:64:default:gcc  
2025-12-07 17:09:13 INFO  (AutoImporter) Using Library Search Path: [., /System/Library/dyld/dyld_shared_cache_arm64e, /System/Library/dyld/dyld_shared_cache_x86_64, /System/Library/dyld/dyld_shared_cache_x86_64h, /System/Cryptexes/OS/System/Library/dyld/dyld_shared_cache_arm64e, /System/Cryptexes/OS/System/Library/dyld/dyld_shared_cache_x86_64, /System/Cryptexes/OS/System/Library/dyld/dyld_shared_cache_x86_64h, /Users/tranlynhathao/Library/Java/Extensions, /Library/Java/Extensions, /Network/Library/Java/Extensions, /System/Library/Java/Extensions, /usr/lib/java]  
2025-12-07 17:09:13 DEBUG (ElfHeader) Elf symbol table section .dynsym linked to string table section .dynstr  
2025-12-07 17:09:13 DEBUG (ElfHeader) Elf relocation table section .rela.dyn linked to symbol table section .dynsym affecting PT_LOAD  
2025-12-07 17:09:13 DEBUG (ElfHeader) Elf relocation table section .rela.plt linked to symbol table section .dynsym affecting .got.plt  
2025-12-07 17:09:13 DEBUG (ElfProgramBuilder) Discarding 4-byte alignment/filler segment_1.4 at 001002f4  
2025-12-07 17:09:13 DEBUG (ElfProgramBuilder) Discarding 7-byte alignment/filler segment_1.10 at 00100bb9  
2025-12-07 17:09:13 DEBUG (ElfProgramBuilder) Discarding 4-byte alignment/filler segment_1.16 at 0010d774  
2025-12-07 17:09:13 DEBUG (ElfProgramBuilder) Discarding 12-byte alignment/filler segment_1.18 at 001127a4  
2025-12-07 17:09:13 DEBUG (ElfProgramBuilder) Discarding 14-byte alignment/filler segment_1.20 at 00131012  
2025-12-07 17:09:14 INFO  (AutoImporter) Additional info:
Loading file:///Volumes/SS990PRO/CTF/wannagame/2025/rev/Dutchmain_app/extracted/lib/x86_64/libcheck_new_detection.so?MD5=aee7a421f48c3f559adedb30f5ffc875...
Setting block .data.rel.ro to read-only
Setting block .fini_array to read-only
Setting block .init_array to read-only
Setting block .dynamic to read-only
------------------------------------------------

Linking the External Programs of 'libcheck_new_detection.so' to imported libraries...
  [libandroid.so] -> not found in project
  [liblog.so] -> not found in project
  [libdl.so] -> not found in project
  [libm.so] -> not found in project
  [libc.so] -> not found in project
------------------------------------------------

Resolving External Symbols of [/libcheck_new_detection.so] - 53 unresolved symbols, no external libraries configured - skipping
  
2025-12-07 17:09:14 INFO  (HeadlessAnalyzer) IMPORTING: Loaded 0 additional files  
2025-12-07 17:09:14 INFO  (HeadlessAnalyzer) ANALYZING all memory and code: file:///Volumes/SS990PRO/CTF/wannagame/2025/rev/Dutchmain_app/extracted/lib/x86_64/libcheck_new_detection.so  
2025-12-07 17:09:14 INFO  (ExternalDebugFileSectionProvider) DWARF external debug information found: ExternalDebugInfo [filename=null, crc=0, hash=7ccafd37e4bcbbe2d07bdb9852560f5885da6a25]  
2025-12-07 17:09:14 INFO  (DWARFAnalyzer) Unable to find DWARF information, skipping DWARF analysis  
2025-12-07 17:09:15 INFO  (DecompilerSwitchAnalyzer) hit non-returning function, restarting decompiler switch analyzer later  
2025-12-07 17:09:19 INFO  (PackedDatabaseCache) Packed database cache: /var/tmp/tranlynhathao-ghidra/packed-db-cache  
2025-12-07 17:09:19 DEBUG (PackedDatabaseCache) Caching packed database: /opt/homebrew/Caskroom/ghidra/11.4.2-20250826/ghidra_11.4.2_PUBLIC/Ghidra/Features/Base/data/typeinfo/generic/generic_clib_64.gdt  
2025-12-07 17:09:19 DEBUG (PackedDatabase) Unpacking database /opt/homebrew/Caskroom/ghidra/11.4.2-20250826/ghidra_11.4.2_PUBLIC/Ghidra/Features/Base/data/typeinfo/generic/generic_clib_64.gdt -> /var/tmp/tranlynhathao-ghidra/packed-db-cache/pdb01ECFAB2/db.1.gbf  
2025-12-07 17:09:19 DEBUG (PackedDatabaseCache) Cache update completed: /opt/homebrew/Caskroom/ghidra/11.4.2-20250826/ghidra_11.4.2_PUBLIC/Ghidra/Features/Base/data/typeinfo/generic/generic_clib_64.gdt  
2025-12-07 17:09:20 INFO  (ApplyDataArchiveAnalyzer) Applied data type archive: generic_clib_64  
2025-12-07 17:09:20 INFO  (AutoAnalysisManager) -----------------------------------------------------
    ASCII Strings                              0.170 secs
    Apply Data Archives                        0.160 secs
    Call Convention ID                         0.005 secs
    Call-Fixup Installer                       0.012 secs
    Create Address Tables                      0.021 secs
    Create Address Tables - One Time           0.050 secs
    Create Function                            0.004 secs
    DWARF                                      0.005 secs
    Data Reference                             0.052 secs
    Decompiler Switch Analysis                 0.070 secs
    Decompiler Switch Analysis - One Time      2.896 secs
    Demangler GNU                              0.018 secs
    Disassemble Entry Points                   0.365 secs
    ELF Scalar Operand References              0.244 secs
    Embedded Media                             0.012 secs
    External Entry References                  0.000 secs
    Function ID                                0.217 secs
    Function Start Search                      0.024 secs
    Function Start Search After Code           0.005 secs
    Function Start Search After Data           0.005 secs
    GCC Exception Handlers                     0.513 secs
    Non-Returning Functions - Discovered       0.156 secs
    Non-Returning Functions - Known            0.002 secs
    Reference                                  0.073 secs
    Shared Return Calls                        0.059 secs
    Stack                                      0.636 secs
    Subroutine References                      0.020 secs
    x86 Constant Reference Analyzer            0.716 secs
-----------------------------------------------------
     Total Time   6 secs
-----------------------------------------------------
  
2025-12-07 17:09:20 INFO  (HeadlessAnalyzer) REPORT: Analysis succeeded for file: file:///Volumes/SS990PRO/CTF/wannagame/2025/rev/Dutchmain_app/extracted/lib/x86_64/libcheck_new_detection.so  
2025-12-07 17:09:21 INFO  (HeadlessAnalyzer) REPORT: Save succeeded for: /libcheck_new_detection.so (DutchmanAnalysis:/libcheck_new_detection.so)  
2025-12-07 17:09:21 INFO  (HeadlessAnalyzer) REPORT: Import succeeded  
2025-12-07 17:09:42 INFO  (LoggingInitialization) Using log config file: jar:file:/opt/homebrew/Caskroom/ghidra/11.4.2-20250826/ghidra_11.4.2_PUBLIC/Ghidra/Framework/Generic/lib/Generic.jar!/generic.log4j.xml  
2025-12-07 17:09:42 INFO  (LoggingInitialization) Using log file: /Users/tranlynhathao/.config/ghidra/ghidra_11.4.2_PUBLIC/application.log  
2025-12-07 17:09:42 INFO  (Preferences) Loading user preferences: /Users/tranlynhathao/.config/ghidra/ghidra_11.4.2_PUBLIC/preferences  
2025-12-07 17:09:42 INFO  (Preferences) Loading previous preferences: /Users/tranlynhathao/.config/ghidra/ghidra_11.4_PUBLIC/preferences  
2025-12-07 17:09:42 INFO  (ClassSearcher) Searching for classes...  
2025-12-07 17:09:43 INFO  (ClassSearcher) Class search complete (782 ms)  
2025-12-07 17:09:43 INFO  (SSLContextInitializer) Initializing SSL Context  
2025-12-07 17:09:43 INFO  (SecureRandomFactory) Initializing Random Number Generator...  
2025-12-07 17:09:43 INFO  (SecureRandomFactory) Random Number Generator initialization complete: NativePRNGNonBlocking  
2025-12-07 17:09:43 INFO  (ApplicationTrustManagerFactory) Trust manager disabled, cacerts have not been set  
2025-12-07 17:09:43 INFO  (AnalyzeHeadless) Headless startup complete (1592 ms)  
2025-12-07 17:09:43 INFO  (ClassSearcher) Class searcher loaded 58 extension points (18 false positives)  
2025-12-07 17:09:44 INFO  (HeadlessAnalyzer) HEADLESS Script Paths:
    /opt/homebrew/Caskroom/ghidra/11.4.2-20250826/ghidra_11.4.2_PUBLIC/Ghidra/Features/Decompiler/ghidra_scripts
    /opt/homebrew/Caskroom/ghidra/11.4.2-20250826/ghidra_11.4.2_PUBLIC/Ghidra/Features/BSim/ghidra_scripts
    /opt/homebrew/Caskroom/ghidra/11.4.2-20250826/ghidra_11.4.2_PUBLIC/Ghidra/Features/PyGhidra/ghidra_scripts
    /opt/homebrew/Caskroom/ghidra/11.4.2-20250826/ghidra_11.4.2_PUBLIC/Ghidra/Debug/Debugger-rmi-trace/ghidra_scripts
    /opt/homebrew/Caskroom/ghidra/11.4.2-20250826/ghidra_11.4.2_PUBLIC/Ghidra/Processors/8051/ghidra_scripts
    /opt/homebrew/Caskroom/ghidra/11.4.2-20250826/ghidra_11.4.2_PUBLIC/Ghidra/Features/BytePatterns/ghidra_scripts
    /opt/homebrew/Caskroom/ghidra/11.4.2-20250826/ghidra_11.4.2_PUBLIC/Ghidra/Features/GnuDemangler/ghidra_scripts
    /opt/homebrew/Caskroom/ghidra/11.4.2-20250826/ghidra_11.4.2_PUBLIC/Ghidra/Features/FunctionID/ghidra_scripts
    /opt/homebrew/Caskroom/ghidra/11.4.2-20250826/ghidra_11.4.2_PUBLIC/Ghidra/Debug/Debugger/ghidra_scripts
    /opt/homebrew/Caskroom/ghidra/11.4.2-20250826/ghidra_11.4.2_PUBLIC/Ghidra/Features/FileFormats/ghidra_scripts
    /opt/homebrew/Caskroom/ghidra/11.4.2-20250826/ghidra_11.4.2_PUBLIC/Ghidra/Features/PDB/ghidra_scripts
    /opt/homebrew/Caskroom/ghidra/11.4.2-20250826/ghidra_11.4.2_PUBLIC/Ghidra/Features/VersionTracking/ghidra_scripts
    /opt/homebrew/Caskroom/ghidra/11.4.2-20250826/ghidra_11.4.2_PUBLIC/Ghidra/Processors/PIC/ghidra_scripts
    /opt/homebrew/Caskroom/ghidra/11.4.2-20250826/ghidra_11.4.2_PUBLIC/Ghidra/Processors/JVM/ghidra_scripts
    /opt/homebrew/Caskroom/ghidra/11.4.2-20250826/ghidra_11.4.2_PUBLIC/Ghidra/Features/Base/ghidra_scripts
    /opt/homebrew/Caskroom/ghidra/11.4.2-20250826/ghidra_11.4.2_PUBLIC/Ghidra/Processors/Atmel/ghidra_scripts
    /opt/homebrew/Caskroom/ghidra/11.4.2-20250826/ghidra_11.4.2_PUBLIC/Ghidra/Features/MicrosoftCodeAnalyzer/ghidra_scripts
    /opt/homebrew/Caskroom/ghidra/11.4.2-20250826/ghidra_11.4.2_PUBLIC/Ghidra/Features/SystemEmulation/ghidra_scripts
    /opt/homebrew/Caskroom/ghidra/11.4.2-20250826/ghidra_11.4.2_PUBLIC/Ghidra/Processors/DATA/ghidra_scripts
    /opt/homebrew/Caskroom/ghidra/11.4.2-20250826/ghidra_11.4.2_PUBLIC/Ghidra/Features/DecompilerDependent/ghidra_scripts
    /opt/homebrew/Caskroom/ghidra/11.4.2-20250826/ghidra_11.4.2_PUBLIC/Ghidra/Features/WildcardAssembler/ghidra_scripts
    /opt/homebrew/Caskroom/ghidra/11.4.2-20250826/ghidra_11.4.2_PUBLIC/Ghidra/Features/Jython/ghidra_scripts
    /opt/homebrew/Caskroom/ghidra/11.4.2-20250826/ghidra_11.4.2_PUBLIC/Ghidra/Features/SwiftDemangler/ghidra_scripts  
2025-12-07 17:09:44 INFO  (HeadlessAnalyzer) HEADLESS: execution starts  
2025-12-07 17:09:44 INFO  (HeadlessAnalyzer) Opening existing project: /tmp/ghidra_project/DutchmanAnalysis  
2025-12-07 17:09:44 INFO  (HeadlessProject) Opening project: /tmp/ghidra_project/DutchmanAnalysis  
2025-12-07 17:09:45 INFO  (HeadlessAnalyzer) REPORT: Processing project file: /libcheck_new_detection.so  
2025-12-07 17:09:45 INFO  (HeadlessAnalyzer) ANALYZING all memory and code: /libcheck_new_detection.so  
2025-12-07 17:09:45 INFO  (ExternalDebugFileSectionProvider) DWARF external debug information found: ExternalDebugInfo [filename=null, crc=0, hash=7ccafd37e4bcbbe2d07bdb9852560f5885da6a25]  
2025-12-07 17:09:45 INFO  (DWARFAnalyzer) Unable to find DWARF information, skipping DWARF analysis  
2025-12-07 17:09:49 INFO  (PackedDatabaseCache) Packed database cache: /var/tmp/tranlynhathao-ghidra/packed-db-cache  
2025-12-07 17:09:49 DEBUG (PackedDatabaseCache) Using cached packed database: /opt/homebrew/Caskroom/ghidra/11.4.2-20250826/ghidra_11.4.2_PUBLIC/Ghidra/Features/Base/data/typeinfo/generic/generic_clib_64.gdt  
2025-12-07 17:09:49 INFO  (ApplyDataArchiveAnalyzer) Applied data type archive: generic_clib_64  
2025-12-07 17:09:49 INFO  (ExternalSymbolResolverAnalyzer) Resolving External Symbols of [/libcheck_new_detection.so] - 53 unresolved symbols, no external libraries configured - skipping  
2025-12-07 17:09:50 INFO  (AutoAnalysisManager) -----------------------------------------------------
    ASCII Strings                              0.208 secs
    Apply Data Archives                        0.114 secs
    Call Convention ID                         0.005 secs
    Call-Fixup Installer                       0.004 secs
    Create Address Tables                      0.020 secs
    Create Address Tables - One Time           0.024 secs
    Create Function                            0.000 secs
    DWARF                                      0.004 secs
    Data Reference                             0.038 secs
    Decompiler Switch Analysis                 2.465 secs
    Demangler GNU                              0.017 secs
    Disassemble Entry Points                   0.009 secs
    ELF Scalar Operand References              0.262 secs
    Embedded Media                             0.012 secs
    External Entry References                  0.000 secs
    External Symbol Resolver                   0.002 secs
    Function ID                                0.267 secs
    Function Start Search                      0.045 secs
    Function Start Search After Code           0.005 secs
    Function Start Search After Data           0.004 secs
    GCC Exception Handlers                     0.210 secs
    Non-Returning Functions - Discovered       0.084 secs
    Non-Returning Functions - Known            0.012 secs
    Reference                                  0.058 secs
    Shared Return Calls                        0.069 secs
    Stack                                      0.267 secs
    Subroutine References                      0.033 secs
    x86 Constant Reference Analyzer            0.752 secs
-----------------------------------------------------
     Total Time   4 secs
-----------------------------------------------------
  
2025-12-07 17:09:50 INFO  (HeadlessAnalyzer) REPORT: Analysis succeeded for file: /libcheck_new_detection.so  
2025-12-07 17:09:50 INFO  (HeadlessAnalyzer) SCRIPT: /private/tmp/decompile_decrypt.py  
2025-12-07 17:09:54 INFO  (HeadlessAnalyzer) ANALYZING changes made by post scripts: /libcheck_new_detection.so  
2025-12-07 17:09:54 INFO  (HeadlessAnalyzer) REPORT: Post-analysis succeeded for file: /libcheck_new_detection.so  
2025-12-07 17:09:54 INFO  (HeadlessAnalyzer) REPORT: Save succeeded for processed file: /libcheck_new_detection.so  
2025-12-07 17:10:27 INFO  (LoggingInitialization) Using log config file: jar:file:/opt/homebrew/Caskroom/ghidra/11.4.2-20250826/ghidra_11.4.2_PUBLIC/Ghidra/Framework/Generic/lib/Generic.jar!/generic.log4j.xml  
2025-12-07 17:10:27 INFO  (LoggingInitialization) Using log file: /Users/tranlynhathao/.config/ghidra/ghidra_11.4.2_PUBLIC/application.log  
2025-12-07 17:10:27 INFO  (Preferences) Loading user preferences: /Users/tranlynhathao/.config/ghidra/ghidra_11.4.2_PUBLIC/preferences  
2025-12-07 17:10:27 INFO  (Preferences) Loading previous preferences: /Users/tranlynhathao/.config/ghidra/ghidra_11.4_PUBLIC/preferences  
2025-12-07 17:10:27 INFO  (ClassSearcher) Searching for classes...  
2025-12-07 17:10:28 INFO  (ClassSearcher) Class search complete (1005 ms)  
2025-12-07 17:10:28 INFO  (SSLContextInitializer) Initializing SSL Context  
2025-12-07 17:10:28 INFO  (SecureRandomFactory) Initializing Random Number Generator...  
2025-12-07 17:10:28 INFO  (SecureRandomFactory) Random Number Generator initialization complete: NativePRNGNonBlocking  
2025-12-07 17:10:28 INFO  (ApplicationTrustManagerFactory) Trust manager disabled, cacerts have not been set  
2025-12-07 17:10:29 INFO  (AnalyzeHeadless) Headless startup complete (3019 ms)  
2025-12-07 17:10:29 INFO  (ClassSearcher) Class searcher loaded 58 extension points (18 false positives)  
2025-12-07 17:10:29 INFO  (HeadlessAnalyzer) HEADLESS Script Paths:
    /opt/homebrew/Caskroom/ghidra/11.4.2-20250826/ghidra_11.4.2_PUBLIC/Ghidra/Features/Decompiler/ghidra_scripts
    /opt/homebrew/Caskroom/ghidra/11.4.2-20250826/ghidra_11.4.2_PUBLIC/Ghidra/Features/BSim/ghidra_scripts
    /opt/homebrew/Caskroom/ghidra/11.4.2-20250826/ghidra_11.4.2_PUBLIC/Ghidra/Features/PyGhidra/ghidra_scripts
    /opt/homebrew/Caskroom/ghidra/11.4.2-20250826/ghidra_11.4.2_PUBLIC/Ghidra/Debug/Debugger-rmi-trace/ghidra_scripts
    /opt/homebrew/Caskroom/ghidra/11.4.2-20250826/ghidra_11.4.2_PUBLIC/Ghidra/Processors/8051/ghidra_scripts
    /opt/homebrew/Caskroom/ghidra/11.4.2-20250826/ghidra_11.4.2_PUBLIC/Ghidra/Features/BytePatterns/ghidra_scripts
    /opt/homebrew/Caskroom/ghidra/11.4.2-20250826/ghidra_11.4.2_PUBLIC/Ghidra/Features/GnuDemangler/ghidra_scripts
    /opt/homebrew/Caskroom/ghidra/11.4.2-20250826/ghidra_11.4.2_PUBLIC/Ghidra/Features/FunctionID/ghidra_scripts
    /opt/homebrew/Caskroom/ghidra/11.4.2-20250826/ghidra_11.4.2_PUBLIC/Ghidra/Debug/Debugger/ghidra_scripts
    /opt/homebrew/Caskroom/ghidra/11.4.2-20250826/ghidra_11.4.2_PUBLIC/Ghidra/Features/FileFormats/ghidra_scripts
    /opt/homebrew/Caskroom/ghidra/11.4.2-20250826/ghidra_11.4.2_PUBLIC/Ghidra/Features/PDB/ghidra_scripts
    /opt/homebrew/Caskroom/ghidra/11.4.2-20250826/ghidra_11.4.2_PUBLIC/Ghidra/Features/VersionTracking/ghidra_scripts
    /opt/homebrew/Caskroom/ghidra/11.4.2-20250826/ghidra_11.4.2_PUBLIC/Ghidra/Processors/PIC/ghidra_scripts
    /opt/homebrew/Caskroom/ghidra/11.4.2-20250826/ghidra_11.4.2_PUBLIC/Ghidra/Processors/JVM/ghidra_scripts
    /opt/homebrew/Caskroom/ghidra/11.4.2-20250826/ghidra_11.4.2_PUBLIC/Ghidra/Features/Base/ghidra_scripts
    /opt/homebrew/Caskroom/ghidra/11.4.2-20250826/ghidra_11.4.2_PUBLIC/Ghidra/Processors/Atmel/ghidra_scripts
    /opt/homebrew/Caskroom/ghidra/11.4.2-20250826/ghidra_11.4.2_PUBLIC/Ghidra/Features/MicrosoftCodeAnalyzer/ghidra_scripts
    /opt/homebrew/Caskroom/ghidra/11.4.2-20250826/ghidra_11.4.2_PUBLIC/Ghidra/Features/SystemEmulation/ghidra_scripts
    /opt/homebrew/Caskroom/ghidra/11.4.2-20250826/ghidra_11.4.2_PUBLIC/Ghidra/Processors/DATA/ghidra_scripts
    /opt/homebrew/Caskroom/ghidra/11.4.2-20250826/ghidra_11.4.2_PUBLIC/Ghidra/Features/DecompilerDependent/ghidra_scripts
    /opt/homebrew/Caskroom/ghidra/11.4.2-20250826/ghidra_11.4.2_PUBLIC/Ghidra/Features/WildcardAssembler/ghidra_scripts
    /opt/homebrew/Caskroom/ghidra/11.4.2-20250826/ghidra_11.4.2_PUBLIC/Ghidra/Features/Jython/ghidra_scripts
    /opt/homebrew/Caskroom/ghidra/11.4.2-20250826/ghidra_11.4.2_PUBLIC/Ghidra/Features/SwiftDemangler/ghidra_scripts  
2025-12-07 17:10:29 INFO  (HeadlessAnalyzer) HEADLESS: execution starts  
2025-12-07 17:10:29 INFO  (HeadlessAnalyzer) Opening existing project: /tmp/ghidra_project/DutchmanAnalysis  
2025-12-07 17:10:29 INFO  (HeadlessProject) Opening project: /tmp/ghidra_project/DutchmanAnalysis  
2025-12-07 17:10:30 INFO  (HeadlessAnalyzer) REPORT: Processing project file: /libcheck_new_detection.so  
2025-12-07 17:10:30 INFO  (HeadlessAnalyzer) ANALYZING all memory and code: /libcheck_new_detection.so  
2025-12-07 17:10:30 INFO  (ExternalDebugFileSectionProvider) DWARF external debug information found: ExternalDebugInfo [filename=null, crc=0, hash=7ccafd37e4bcbbe2d07bdb9852560f5885da6a25]  
2025-12-07 17:10:30 INFO  (DWARFAnalyzer) Unable to find DWARF information, skipping DWARF analysis  
2025-12-07 17:10:36 INFO  (PackedDatabaseCache) Packed database cache: /var/tmp/tranlynhathao-ghidra/packed-db-cache  
2025-12-07 17:10:36 DEBUG (PackedDatabaseCache) Using cached packed database: /opt/homebrew/Caskroom/ghidra/11.4.2-20250826/ghidra_11.4.2_PUBLIC/Ghidra/Features/Base/data/typeinfo/generic/generic_clib_64.gdt  
2025-12-07 17:10:36 INFO  (ApplyDataArchiveAnalyzer) Applied data type archive: generic_clib_64  
2025-12-07 17:10:36 INFO  (ExternalSymbolResolverAnalyzer) Resolving External Symbols of [/libcheck_new_detection.so] - 53 unresolved symbols, no external libraries configured - skipping  
2025-12-07 17:10:36 INFO  (AutoAnalysisManager) -----------------------------------------------------
    ASCII Strings                              0.254 secs
    Apply Data Archives                        0.171 secs
    Call Convention ID                         0.004 secs
    Call-Fixup Installer                       0.004 secs
    Create Address Tables                      0.047 secs
    Create Function                            0.000 secs
    DWARF                                      0.004 secs
    Data Reference                             0.048 secs
    Decompiler Switch Analysis                 3.020 secs
    Demangler GNU                              0.019 secs
    Disassemble Entry Points                   0.015 secs
    ELF Scalar Operand References              0.242 secs
    Embedded Media                             0.021 secs
    External Entry References                  0.000 secs
    External Symbol Resolver                   0.003 secs
    Function ID                                0.446 secs
    Function Start Search                      0.050 secs
    Function Start Search After Code           0.005 secs
    Function Start Search After Data           0.005 secs
    GCC Exception Handlers                     0.237 secs
    Non-Returning Functions - Discovered       0.087 secs
    Non-Returning Functions - Known            0.012 secs
    Reference                                  0.076 secs
    Shared Return Calls                        0.061 secs
    Stack                                      0.269 secs
    Subroutine References                      0.042 secs
    x86 Constant Reference Analyzer            0.852 secs
-----------------------------------------------------
     Total Time   5 secs
-----------------------------------------------------
  
2025-12-07 17:10:36 INFO  (HeadlessAnalyzer) REPORT: Analysis succeeded for file: /libcheck_new_detection.so  
2025-12-07 17:10:37 INFO  (HeadlessAnalyzer) SCRIPT: /private/tmp/find_crypto_functions.py  
2025-12-07 17:10:41 INFO  (HeadlessAnalyzer) ANALYZING changes made by post scripts: /libcheck_new_detection.so  
2025-12-07 17:10:41 INFO  (HeadlessAnalyzer) REPORT: Post-analysis succeeded for file: /libcheck_new_detection.so  
2025-12-07 17:10:41 INFO  (HeadlessAnalyzer) REPORT: Save succeeded for processed file: /libcheck_new_detection.so  
2025-12-07 17:11:09 INFO  (LoggingInitialization) Using log config file: jar:file:/opt/homebrew/Caskroom/ghidra/11.4.2-20250826/ghidra_11.4.2_PUBLIC/Ghidra/Framework/Generic/lib/Generic.jar!/generic.log4j.xml  
2025-12-07 17:11:09 INFO  (LoggingInitialization) Using log file: /Users/tranlynhathao/.config/ghidra/ghidra_11.4.2_PUBLIC/application.log  
2025-12-07 17:11:09 INFO  (Preferences) Loading user preferences: /Users/tranlynhathao/.config/ghidra/ghidra_11.4.2_PUBLIC/preferences  
2025-12-07 17:11:09 INFO  (Preferences) Loading previous preferences: /Users/tranlynhathao/.config/ghidra/ghidra_11.4_PUBLIC/preferences  
2025-12-07 17:11:09 INFO  (ClassSearcher) Searching for classes...  
2025-12-07 17:11:10 INFO  (ClassSearcher) Class search complete (832 ms)  
2025-12-07 17:11:10 INFO  (SSLContextInitializer) Initializing SSL Context  
2025-12-07 17:11:10 INFO  (SecureRandomFactory) Initializing Random Number Generator...  
2025-12-07 17:11:10 INFO  (SecureRandomFactory) Random Number Generator initialization complete: NativePRNGNonBlocking  
2025-12-07 17:11:10 INFO  (ApplicationTrustManagerFactory) Trust manager disabled, cacerts have not been set  
2025-12-07 17:11:11 INFO  (AnalyzeHeadless) Headless startup complete (1915 ms)  
2025-12-07 17:11:11 INFO  (ClassSearcher) Class searcher loaded 58 extension points (18 false positives)  
2025-12-07 17:11:11 INFO  (HeadlessAnalyzer) HEADLESS Script Paths:
    /opt/homebrew/Caskroom/ghidra/11.4.2-20250826/ghidra_11.4.2_PUBLIC/Ghidra/Features/Decompiler/ghidra_scripts
    /opt/homebrew/Caskroom/ghidra/11.4.2-20250826/ghidra_11.4.2_PUBLIC/Ghidra/Features/BSim/ghidra_scripts
    /opt/homebrew/Caskroom/ghidra/11.4.2-20250826/ghidra_11.4.2_PUBLIC/Ghidra/Features/PyGhidra/ghidra_scripts
    /opt/homebrew/Caskroom/ghidra/11.4.2-20250826/ghidra_11.4.2_PUBLIC/Ghidra/Debug/Debugger-rmi-trace/ghidra_scripts
    /opt/homebrew/Caskroom/ghidra/11.4.2-20250826/ghidra_11.4.2_PUBLIC/Ghidra/Processors/8051/ghidra_scripts
    /opt/homebrew/Caskroom/ghidra/11.4.2-20250826/ghidra_11.4.2_PUBLIC/Ghidra/Features/BytePatterns/ghidra_scripts
    /opt/homebrew/Caskroom/ghidra/11.4.2-20250826/ghidra_11.4.2_PUBLIC/Ghidra/Features/GnuDemangler/ghidra_scripts
    /opt/homebrew/Caskroom/ghidra/11.4.2-20250826/ghidra_11.4.2_PUBLIC/Ghidra/Features/FunctionID/ghidra_scripts
    /opt/homebrew/Caskroom/ghidra/11.4.2-20250826/ghidra_11.4.2_PUBLIC/Ghidra/Debug/Debugger/ghidra_scripts
    /opt/homebrew/Caskroom/ghidra/11.4.2-20250826/ghidra_11.4.2_PUBLIC/Ghidra/Features/FileFormats/ghidra_scripts
    /opt/homebrew/Caskroom/ghidra/11.4.2-20250826/ghidra_11.4.2_PUBLIC/Ghidra/Features/PDB/ghidra_scripts
    /opt/homebrew/Caskroom/ghidra/11.4.2-20250826/ghidra_11.4.2_PUBLIC/Ghidra/Features/VersionTracking/ghidra_scripts
    /opt/homebrew/Caskroom/ghidra/11.4.2-20250826/ghidra_11.4.2_PUBLIC/Ghidra/Processors/PIC/ghidra_scripts
    /opt/homebrew/Caskroom/ghidra/11.4.2-20250826/ghidra_11.4.2_PUBLIC/Ghidra/Processors/JVM/ghidra_scripts
    /opt/homebrew/Caskroom/ghidra/11.4.2-20250826/ghidra_11.4.2_PUBLIC/Ghidra/Features/Base/ghidra_scripts
    /opt/homebrew/Caskroom/ghidra/11.4.2-20250826/ghidra_11.4.2_PUBLIC/Ghidra/Processors/Atmel/ghidra_scripts
    /opt/homebrew/Caskroom/ghidra/11.4.2-20250826/ghidra_11.4.2_PUBLIC/Ghidra/Features/MicrosoftCodeAnalyzer/ghidra_scripts
    /opt/homebrew/Caskroom/ghidra/11.4.2-20250826/ghidra_11.4.2_PUBLIC/Ghidra/Features/SystemEmulation/ghidra_scripts
    /opt/homebrew/Caskroom/ghidra/11.4.2-20250826/ghidra_11.4.2_PUBLIC/Ghidra/Processors/DATA/ghidra_scripts
    /opt/homebrew/Caskroom/ghidra/11.4.2-20250826/ghidra_11.4.2_PUBLIC/Ghidra/Features/DecompilerDependent/ghidra_scripts
    /opt/homebrew/Caskroom/ghidra/11.4.2-20250826/ghidra_11.4.2_PUBLIC/Ghidra/Features/WildcardAssembler/ghidra_scripts
    /opt/homebrew/Caskroom/ghidra/11.4.2-20250826/ghidra_11.4.2_PUBLIC/Ghidra/Features/Jython/ghidra_scripts
    /opt/homebrew/Caskroom/ghidra/11.4.2-20250826/ghidra_11.4.2_PUBLIC/Ghidra/Features/SwiftDemangler/ghidra_scripts  
2025-12-07 17:11:11 INFO  (HeadlessAnalyzer) HEADLESS: execution starts  
2025-12-07 17:11:11 INFO  (HeadlessAnalyzer) Opening existing project: /tmp/ghidra_project/DutchmanAnalysis  
2025-12-07 17:11:11 INFO  (HeadlessProject) Opening project: /tmp/ghidra_project/DutchmanAnalysis  
2025-12-07 17:11:12 INFO  (HeadlessAnalyzer) REPORT: Processing project file: /libcheck_new_detection.so  
2025-12-07 17:11:12 INFO  (HeadlessAnalyzer) ANALYZING all memory and code: /libcheck_new_detection.so  
2025-12-07 17:11:12 INFO  (ExternalDebugFileSectionProvider) DWARF external debug information found: ExternalDebugInfo [filename=null, crc=0, hash=7ccafd37e4bcbbe2d07bdb9852560f5885da6a25]  
2025-12-07 17:11:12 INFO  (DWARFAnalyzer) Unable to find DWARF information, skipping DWARF analysis  
2025-12-07 17:11:17 INFO  (PackedDatabaseCache) Packed database cache: /var/tmp/tranlynhathao-ghidra/packed-db-cache  
2025-12-07 17:11:17 DEBUG (PackedDatabaseCache) Using cached packed database: /opt/homebrew/Caskroom/ghidra/11.4.2-20250826/ghidra_11.4.2_PUBLIC/Ghidra/Features/Base/data/typeinfo/generic/generic_clib_64.gdt  
2025-12-07 17:11:17 INFO  (ApplyDataArchiveAnalyzer) Applied data type archive: generic_clib_64  
2025-12-07 17:11:17 INFO  (ExternalSymbolResolverAnalyzer) Resolving External Symbols of [/libcheck_new_detection.so] - 53 unresolved symbols, no external libraries configured - skipping  
2025-12-07 17:11:17 INFO  (AutoAnalysisManager) -----------------------------------------------------
    ASCII Strings                              0.203 secs
    Apply Data Archives                        0.119 secs
    Call Convention ID                         0.006 secs
    Call-Fixup Installer                       0.003 secs
    Create Address Tables                      0.043 secs
    Create Function                            0.000 secs
    DWARF                                      0.005 secs
    Data Reference                             0.040 secs
    Decompiler Switch Analysis                 2.295 secs
    Demangler GNU                              0.031 secs
    Disassemble Entry Points                   0.011 secs
    ELF Scalar Operand References              0.312 secs
    Embedded Media                             0.013 secs
    External Entry References                  0.000 secs
    External Symbol Resolver                   0.003 secs
    Function ID                                0.277 secs
    Function Start Search                      0.034 secs
    Function Start Search After Code           0.006 secs
    Function Start Search After Data           0.005 secs
    GCC Exception Handlers                     0.247 secs
    Non-Returning Functions - Discovered       0.053 secs
    Non-Returning Functions - Known            0.012 secs
    Reference                                  0.087 secs
    Shared Return Calls                        0.074 secs
    Stack                                      0.331 secs
    Subroutine References                      0.025 secs
    x86 Constant Reference Analyzer            0.736 secs
-----------------------------------------------------
     Total Time   4 secs
-----------------------------------------------------
  
2025-12-07 17:11:17 INFO  (HeadlessAnalyzer) REPORT: Analysis succeeded for file: /libcheck_new_detection.so  
2025-12-07 17:11:17 INFO  (HeadlessAnalyzer) SCRIPT: /private/tmp/extract_decrypt.py  
2025-12-07 17:11:20 INFO  (HeadlessAnalyzer) ANALYZING changes made by post scripts: /libcheck_new_detection.so  
2025-12-07 17:11:20 INFO  (HeadlessAnalyzer) REPORT: Post-analysis succeeded for file: /libcheck_new_detection.so  
2025-12-07 17:11:20 INFO  (HeadlessAnalyzer) REPORT: Save succeeded for processed file: /libcheck_new_detection.so  
